<?xml version="1.0" encoding="UTF-8"?>
<testng-results skipped="0" failed="1" ignored="0" total="1" passed="0">
  <reporter-output>
  </reporter-output>
  <suite name="Default suite" duration-ms="58269" started-at="2020-12-15T17:15:33 IST" finished-at="2020-12-15T17:16:32 IST">
    <groups>
    </groups>
    <test name="Default test" duration-ms="58269" started-at="2020-12-15T17:15:33 IST" finished-at="2020-12-15T17:16:32 IST">
      <class name="com.Package.TransactionHistory">
        <test-method status="PASS" signature="loginFunctionality()[pri:0, instance:com.Package.TransactionHistory@2b552920]" name="loginFunctionality" is-config="true" duration-ms="27159" started-at="2020-12-15T17:15:34 IST" finished-at="2020-12-15T17:16:01 IST">
          <reporter-output>
          </reporter-output>
        </test-method> <!-- loginFunctionality -->
        <test-method status="FAIL" signature="transactionHistory()[pri:0, instance:com.Package.TransactionHistory@2b552920]" name="transactionHistory" duration-ms="31023" started-at="2020-12-15T17:16:01 IST" finished-at="2020-12-15T17:16:32 IST">
          <exception class="org.openqa.selenium.NoSuchElementException">
            <message>
              <![CDATA[An element could not be located on the page using the given search parameters.
For documentation on this error, please visit: https://www.seleniumhq.org/exceptions/no_such_element.html
Build info: version: '3.141.59', revision: 'e82be7d358', time: '2018-11-14T08:25:48'
System info: host: 'HP', ip: '192.168.225.220', os.name: 'Windows 10', os.arch: 'amd64', os.version: '10.0', java.version: '1.8.0_261'
Driver info: io.appium.java_client.android.AndroidDriver
Capabilities {appActivity: com.danamon.uatomnimicroapp..., appPackage: com.danamon.uatomnimicroapps, databaseEnabled: false, desired: {appActivity: com.danamon.uatomnimicroapp..., appPackage: com.danamon.uatomnimicroapps, deviceName: Redmi, fullReset: false, noReset: true, platformName: android, platformVersion: 9 PKQ1.180904.001, udid: 6215b09b}, deviceApiLevel: 28, deviceManufacturer: Xiaomi, deviceModel: Redmi Note 6 Pro, deviceName: 6215b09b, deviceScreenDensity: 440, deviceScreenSize: 1080x2280, deviceUDID: 6215b09b, fullReset: false, javascriptEnabled: true, locationContextEnabled: false, networkConnectionEnabled: true, noReset: true, pixelRatio: 2.75, platform: LINUX, platformName: Android, platformVersion: 9, statBarHeight: 88, takesScreenshot: true, udid: 6215b09b, viewportRect: {height: 1974, left: 0, top: 88, width: 1080}, warnings: {}, webStorageEnabled: false}
Session ID: 16415f8f-5df5-47ed-88c6-acab3841b812
*** Element info: {Using=xpath, value=/hierarchy/android.widget.FrameLayout/android.widget.LinearLayout/android.widget.FrameLayout/android.webkit.WebView/android.webkit.WebView/android.view.View/android.view.View[3]/android.view.View/android.view.View/android.view.View[2]/android.view.View[2]/android.view.View/android.widget.Image}]]>
            </message>
            <full-stacktrace>
              <![CDATA[org.openqa.selenium.NoSuchElementException: An element could not be located on the page using the given search parameters.
For documentation on this error, please visit: https://www.seleniumhq.org/exceptions/no_such_element.html
Build info: version: '3.141.59', revision: 'e82be7d358', time: '2018-11-14T08:25:48'
System info: host: 'HP', ip: '192.168.225.220', os.name: 'Windows 10', os.arch: 'amd64', os.version: '10.0', java.version: '1.8.0_261'
Driver info: io.appium.java_client.android.AndroidDriver
Capabilities {appActivity: com.danamon.uatomnimicroapp..., appPackage: com.danamon.uatomnimicroapps, databaseEnabled: false, desired: {appActivity: com.danamon.uatomnimicroapp..., appPackage: com.danamon.uatomnimicroapps, deviceName: Redmi, fullReset: false, noReset: true, platformName: android, platformVersion: 9 PKQ1.180904.001, udid: 6215b09b}, deviceApiLevel: 28, deviceManufacturer: Xiaomi, deviceModel: Redmi Note 6 Pro, deviceName: 6215b09b, deviceScreenDensity: 440, deviceScreenSize: 1080x2280, deviceUDID: 6215b09b, fullReset: false, javascriptEnabled: true, locationContextEnabled: false, networkConnectionEnabled: true, noReset: true, pixelRatio: 2.75, platform: LINUX, platformName: Android, platformVersion: 9, statBarHeight: 88, takesScreenshot: true, udid: 6215b09b, viewportRect: {height: 1974, left: 0, top: 88, width: 1080}, warnings: {}, webStorageEnabled: false}
Session ID: 16415f8f-5df5-47ed-88c6-acab3841b812
*** Element info: {Using=xpath, value=/hierarchy/android.widget.FrameLayout/android.widget.LinearLayout/android.widget.FrameLayout/android.webkit.WebView/android.webkit.WebView/android.view.View/android.view.View[3]/android.view.View/android.view.View/android.view.View[2]/android.view.View[2]/android.view.View/android.widget.Image}
at sun.reflect.NativeConstructorAccessorImpl.newInstance0(Native Method)
at sun.reflect.NativeConstructorAccessorImpl.newInstance(Unknown Source)
at sun.reflect.DelegatingConstructorAccessorImpl.newInstance(Unknown Source)
at java.lang.reflect.Constructor.newInstance(Unknown Source)
at org.openqa.selenium.remote.http.W3CHttpResponseCodec.createException(W3CHttpResponseCodec.java:187)
at org.openqa.selenium.remote.http.W3CHttpResponseCodec.decode(W3CHttpResponseCodec.java:122)
at org.openqa.selenium.remote.http.W3CHttpResponseCodec.decode(W3CHttpResponseCodec.java:49)
at org.openqa.selenium.remote.HttpCommandExecutor.execute(HttpCommandExecutor.java:158)
at io.appium.java_client.remote.AppiumCommandExecutor.execute(AppiumCommandExecutor.java:247)
at org.openqa.selenium.remote.RemoteWebDriver.execute(RemoteWebDriver.java:552)
at io.appium.java_client.DefaultGenericMobileDriver.execute(DefaultGenericMobileDriver.java:41)
at io.appium.java_client.AppiumDriver.execute(AppiumDriver.java:1)
at io.appium.java_client.android.AndroidDriver.execute(AndroidDriver.java:1)
at org.openqa.selenium.remote.RemoteWebDriver.findElement(RemoteWebDriver.java:323)
at io.appium.java_client.DefaultGenericMobileDriver.findElement(DefaultGenericMobileDriver.java:61)
at io.appium.java_client.AppiumDriver.findElement(AppiumDriver.java:1)
at io.appium.java_client.android.AndroidDriver.findElement(AndroidDriver.java:1)
at org.openqa.selenium.remote.RemoteWebDriver.findElementByXPath(RemoteWebDriver.java:428)
at io.appium.java_client.DefaultGenericMobileDriver.findElementByXPath(DefaultGenericMobileDriver.java:151)
at io.appium.java_client.AppiumDriver.findElementByXPath(AppiumDriver.java:1)
at io.appium.java_client.android.AndroidDriver.findElementByXPath(AndroidDriver.java:1)
at com.Package.TransactionHistory.transactionHistory(TransactionHistory.java:19)
at sun.reflect.NativeMethodAccessorImpl.invoke0(Native Method)
at sun.reflect.NativeMethodAccessorImpl.invoke(Unknown Source)
at sun.reflect.DelegatingMethodAccessorImpl.invoke(Unknown Source)
at java.lang.reflect.Method.invoke(Unknown Source)
at org.testng.internal.MethodInvocationHelper.invokeMethod(MethodInvocationHelper.java:132)
at org.testng.internal.TestInvoker.invokeMethod(TestInvoker.java:599)
at org.testng.internal.TestInvoker.invokeTestMethod(TestInvoker.java:174)
at org.testng.internal.MethodRunner.runInSequence(MethodRunner.java:46)
at org.testng.internal.TestInvoker$MethodInvocationAgent.invoke(TestInvoker.java:822)
at org.testng.internal.TestInvoker.invokeTestMethods(TestInvoker.java:147)
at org.testng.internal.TestMethodWorker.invokeTestMethods(TestMethodWorker.java:146)
at org.testng.internal.TestMethodWorker.run(TestMethodWorker.java:128)
at java.util.ArrayList.forEach(Unknown Source)
at org.testng.TestRunner.privateRun(TestRunner.java:764)
at org.testng.TestRunner.run(TestRunner.java:585)
at org.testng.SuiteRunner.runTest(SuiteRunner.java:384)
at org.testng.SuiteRunner.runSequentially(SuiteRunner.java:378)
at org.testng.SuiteRunner.privateRun(SuiteRunner.java:337)
at org.testng.SuiteRunner.run(SuiteRunner.java:286)
at org.testng.SuiteRunnerWorker.runSuite(SuiteRunnerWorker.java:53)
at org.testng.SuiteRunnerWorker.run(SuiteRunnerWorker.java:96)
at org.testng.TestNG.runSuitesSequentially(TestNG.java:1218)
at org.testng.TestNG.runSuitesLocally(TestNG.java:1140)
at org.testng.TestNG.runSuites(TestNG.java:1069)
at org.testng.TestNG.run(TestNG.java:1037)
at org.testng.remote.AbstractRemoteTestNG.run(AbstractRemoteTestNG.java:115)
at org.testng.remote.RemoteTestNG.initAndRun(RemoteTestNG.java:251)
at org.testng.remote.RemoteTestNG.main(RemoteTestNG.java:77)
]]>
            </full-stacktrace>
          </exception> <!-- org.openqa.selenium.NoSuchElementException -->
          <reporter-output>
          </reporter-output>
        </test-method> <!-- transactionHistory -->
      </class> <!-- com.Package.TransactionHistory -->
    </test> <!-- Default test -->
  </suite> <!-- Default suite -->
</testng-results>
